<?xml version="1.0" encoding="UTF-8"?>
<testsuite name="poly.RatPolyStackTest" tests="21" skipped="0" failures="0" errors="0" timestamp="2021-04-23T05:46:54" hostname="Nancys-MacBook-Air.local" time="0.095">
  <properties/>
  <testcase name="testSwapWithMultElems" classname="poly.RatPolyStackTest" time="0.033"/>
  <testcase name="testSubTwoElems" classname="poly.RatPolyStackTest" time="0.002"/>
  <testcase name="testPop" classname="poly.RatPolyStackTest" time="0.002"/>
  <testcase name="testClear" classname="poly.RatPolyStackTest" time="0.001"/>
  <testcase name="testAddMultiElems" classname="poly.RatPolyStackTest" time="0.006"/>
  <testcase name="testCtor" classname="poly.RatPolyStackTest" time="0.003"/>
  <testcase name="testPush" classname="poly.RatPolyStackTest" time="0.004"/>
  <testcase name="testDifferentiate" classname="poly.RatPolyStackTest" time="0.001"/>
  <testcase name="testSwapWitSameElems" classname="poly.RatPolyStackTest" time="0.004"/>
  <testcase name="testSwapWithTwoElems" classname="poly.RatPolyStackTest" time="0.002"/>
  <testcase name="testSubMultiElems" classname="poly.RatPolyStackTest" time="0.004"/>
  <testcase name="testMulTwoElems" classname="poly.RatPolyStackTest" time="0.002"/>
  <testcase name="testDivTwoElems" classname="poly.RatPolyStackTest" time="0.001"/>
  <testcase name="testAddTwoElems" classname="poly.RatPolyStackTest" time="0.001"/>
  <testcase name="testMulMultiElems" classname="poly.RatPolyStackTest" time="0.004"/>
  <testcase name="testDivMultiElems" classname="poly.RatPolyStackTest" time="0.003"/>
  <testcase name="testDupWithMultVal" classname="poly.RatPolyStackTest" time="0.002"/>
  <testcase name="testDupWithOneVal" classname="poly.RatPolyStackTest" time="0.002"/>
  <testcase name="testPushCheckForSharingTwixtStacks" classname="poly.RatPolyStackTest" time="0.004"/>
  <testcase name="testDupWithTwoVal" classname="poly.RatPolyStackTest" time="0.001"/>
  <testcase name="testIntegrate" classname="poly.RatPolyStackTest" time="0.002"/>
  <system-out><![CDATA[]]></system-out>
  <system-err><![CDATA[]]></system-err>
</testsuite>
