<?xml version="1.0" encoding="UTF-8"?>
<testsuite name="poly.RatNumTest" tests="98" skipped="0" failures="0" errors="0" timestamp="2021-04-23T05:46:54" hostname="Nancys-MacBook-Air.local" time="0.202">
  <properties/>
  <testcase name="testFloatValueWholeNumber" classname="poly.RatNumTest" time="0.005"/>
  <testcase name="testAddImproper" classname="poly.RatNumTest" time="0.002"/>
  <testcase name="testIntValueUnsupported" classname="poly.RatNumTest" time="0.001"/>
  <testcase name="testToStringSimple" classname="poly.RatNumTest" time="0.001"/>
  <testcase name="testMulTransitivelyToNonZero" classname="poly.RatNumTest" time="0.004"/>
  <testcase name="testIntValueWithOutRound" classname="poly.RatNumTest" time="0.001"/>
  <testcase name="testFloatValueFracNumber" classname="poly.RatNumTest" time="0.001"/>
  <testcase name="testAddTransitivelyFractions" classname="poly.RatNumTest" time="0.001"/>
  <testcase name="testDivComplex" classname="poly.RatNumTest" time="0.001"/>
  <testcase name="testCompareToFract" classname="poly.RatNumTest" time="0.001"/>
  <testcase name="testEqualsSimpleWithDiffObjects" classname="poly.RatNumTest" time="0.001"/>
  <testcase name="testEqualsNotReducedFormOne" classname="poly.RatNumTest" time="0.0"/>
  <testcase name="testAddTransitivelyWholeNum" classname="poly.RatNumTest" time="0.001"/>
  <testcase name="testMulSimple" classname="poly.RatNumTest" time="0.001"/>
  <testcase name="testToStringNaN" classname="poly.RatNumTest" time="0.0"/>
  <testcase name="testSubOnNaN" classname="poly.RatNumTest" time="0.001"/>
  <testcase name="testIsNegWholeNum" classname="poly.RatNumTest" time="0.0"/>
  <testcase name="testIntValueMinValueDivByMinValue" classname="poly.RatNumTest" time="0.001"/>
  <testcase name="testIntValueWithRoundOneOverMaxValue" classname="poly.RatNumTest" time="0.001"/>
  <testcase name="testTwoArgConstructorNaN" classname="poly.RatNumTest" time="0.001"/>
  <testcase name="testTwoArgConstructorNeg" classname="poly.RatNumTest" time="0.001"/>
  <testcase name="testTwoArgConstructorPos" classname="poly.RatNumTest" time="0.002"/>
  <testcase name="testSubComplex" classname="poly.RatNumTest" time="0.001"/>
  <testcase name="testFloatValueNaN" classname="poly.RatNumTest" time="0.002"/>
  <testcase name="testIsNaN" classname="poly.RatNumTest" time="0.001"/>
  <testcase name="testIsNegFraction" classname="poly.RatNumTest" time="0.001"/>
  <testcase name="testMulTransitivelyComplex" classname="poly.RatNumTest" time="0.002"/>
  <testcase name="testIntValueWithRoundtoNegOne" classname="poly.RatNumTest" time="0.001"/>
  <testcase name="testIntValueWithRoundtoPosOne" classname="poly.RatNumTest" time="0.001"/>
  <testcase name="testNegateNaN" classname="poly.RatNumTest" time="0.011"/>
  <testcase name="testSubTransitivelyNaN" classname="poly.RatNumTest" time="0.001"/>
  <testcase name="testToStringOneDenom" classname="poly.RatNumTest" time="0.001"/>
  <testcase name="testCompareToReflexive" classname="poly.RatNumTest" time="0.001"/>
  <testcase name="testCompareToNonFract" classname="poly.RatNumTest" time="0.001"/>
  <testcase name="testSubTransitivelyComplex" classname="poly.RatNumTest" time="0.001"/>
  <testcase name="testAddOnNaN" classname="poly.RatNumTest" time="0.001"/>
  <testcase name="testMulTransitivelyToZero" classname="poly.RatNumTest" time="0.001"/>
  <testcase name="testNegateToNeg" classname="poly.RatNumTest" time="0.001"/>
  <testcase name="testNegateToPos" classname="poly.RatNumTest" time="0.001"/>
  <testcase name="testEqualsReflexive" classname="poly.RatNumTest" time="0.001"/>
  <testcase name="testToStringReduction" classname="poly.RatNumTest" time="0.001"/>
  <testcase name="testDoubleValueWholeNumber" classname="poly.RatNumTest" time="0.001"/>
  <testcase name="testIntValueMaxValueDivByMaxValue" classname="poly.RatNumTest" time="0.002"/>
  <testcase name="testDivTransitively" classname="poly.RatNumTest" time="0.001"/>
  <testcase name="testIntValueWithRoundMinValue" classname="poly.RatNumTest" time="0.014"/>
  <testcase name="testTwoArgConstructorImproperFract" classname="poly.RatNumTest" time="0.001"/>
  <testcase name="testValueOfNegOne" classname="poly.RatNumTest" time="0.001"/>
  <testcase name="testValueOfPosOne" classname="poly.RatNumTest" time="0.001"/>
  <testcase name="testValueOfPosTwo" classname="poly.RatNumTest" time="0.001"/>
  <testcase name="testMulPropertiesZero" classname="poly.RatNumTest" time="0.0"/>
  <testcase name="testMulPropertiesNegOne" classname="poly.RatNumTest" time="0.0"/>
  <testcase name="testValueOf" classname="poly.RatNumTest" time="0.0"/>
  <testcase name="testValueOfNa" classname="poly.RatNumTest" time="0.0"/>
  <testcase name="testEqualsSimple" classname="poly.RatNumTest" time="0.0"/>
  <testcase name="testEqualsForSign" classname="poly.RatNumTest" time="0.0"/>
  <testcase name="testMulPropertiesOne" classname="poly.RatNumTest" time="0.001"/>
  <testcase name="testFloatValueSmallNum" classname="poly.RatNumTest" time="0.001"/>
  <testcase name="testMulTransitivelyNaN" classname="poly.RatNumTest" time="0.001"/>
  <testcase name="testMulComplexToOne" classname="poly.RatNumTest" time="0.011"/>
  <testcase name="testDivTransitivelyWholeNum" classname="poly.RatNumTest" time="0.001"/>
  <testcase name="testSimpleDivToZero" classname="poly.RatNumTest" time="0.002"/>
  <testcase name="testSubImproper" classname="poly.RatNumTest" time="0.001"/>
  <testcase name="testSubSimple" classname="poly.RatNumTest" time="0.002"/>
  <testcase name="testIsNotNaN" classname="poly.RatNumTest" time="0.002"/>
  <testcase name="testValueOfOneHalf" classname="poly.RatNumTest" time="0.001"/>
  <testcase name="testDoubleValueNaN" classname="poly.RatNumTest" time="0.003"/>
  <testcase name="testEqualsNotReducedFormNegOne" classname="poly.RatNumTest" time="0.001"/>
  <testcase name="testDivTransitivelyNaN" classname="poly.RatNumTest" time="0.001"/>
  <testcase name="testAddSimple" classname="poly.RatNumTest" time="0.001"/>
  <testcase name="testCompareToNaNs" classname="poly.RatNumTest" time="0.002"/>
  <testcase name="testSubSimpleToNeg" classname="poly.RatNumTest" time="0.001"/>
  <testcase name="testDivOnNaN" classname="poly.RatNumTest" time="0.0"/>
  <testcase name="testValueOfThreeHalfs" classname="poly.RatNumTest" time="0.001"/>
  <testcase name="testDoubleValueSmallNum" classname="poly.RatNumTest" time="0.001"/>
  <testcase name="testDivNaN" classname="poly.RatNumTest" time="0.001"/>
  <testcase name="testMulOnNaN" classname="poly.RatNumTest" time="0.001"/>
  <testcase name="testSubTransitivetyWholeNumsToNonZero" classname="poly.RatNumTest" time="0.002"/>
  <testcase name="testIntValueWithRoundMaxValue" classname="poly.RatNumTest" time="0.002"/>
  <testcase name="testIsPosWholeNum" classname="poly.RatNumTest" time="0.002"/>
  <testcase name="testZeroIsNotPosNorNeg" classname="poly.RatNumTest" time="0.001"/>
  <testcase name="testEqualsNaN" classname="poly.RatNumTest" time="0.001"/>
  <testcase name="testMulComplexToComplex" classname="poly.RatNumTest" time="0.001"/>
  <testcase name="testMulImproper" classname="poly.RatNumTest" time="0.013"/>
  <testcase name="testAddComplexToOne" classname="poly.RatNumTest" time="0.001"/>
  <testcase name="testNaNIsPos" classname="poly.RatNumTest" time="0.002"/>
  <testcase name="testAddTransitivelyNaN" classname="poly.RatNumTest" time="0.001"/>
  <testcase name="testAddTransitivelyOne" classname="poly.RatNumTest" time="0.001"/>
  <testcase name="testIsPosFraction" classname="poly.RatNumTest" time="0.001"/>
  <testcase name="testEqualsNotReducedFormFraction" classname="poly.RatNumTest" time="0.001"/>
  <testcase name="testEqualsForFalsePos" classname="poly.RatNumTest" time="0.002"/>
  <testcase name="testAddTransitivelyZero" classname="poly.RatNumTest" time="0.001"/>
  <testcase name="testDivImproper" classname="poly.RatNumTest" time="0.001"/>
  <testcase name="testToStringFractions" classname="poly.RatNumTest" time="0.001"/>
  <testcase name="testDoubleValueFracNumber" classname="poly.RatNumTest" time="0.011"/>
  <testcase name="testEqualsNotFalsePosWithFracs" classname="poly.RatNumTest" time="0.002"/>
  <testcase name="testOneArgConstructor" classname="poly.RatNumTest" time="0.001"/>
  <testcase name="testSubTransitivetyWholeNumsToZero" classname="poly.RatNumTest" time="0.001"/>
  <testcase name="testAddComplex" classname="poly.RatNumTest" time="0.001"/>
  <system-out><![CDATA[]]></system-out>
  <system-err><![CDATA[]]></system-err>
</testsuite>
