<?xml version="1.0" encoding="UTF-8"?>
<testsuite name="poly.RatPolyTest" tests="106" skipped="0" failures="0" errors="0" timestamp="2021-04-23T05:46:53" hostname="Nancys-MacBook-Air.local" time="0.354">
  <properties/>
  <testcase name="testAddMultipleTerm" classname="poly.RatPolyTest" time="0.037"/>
  <testcase name="testToStringSimple" classname="poly.RatPolyTest" time="0.007"/>
  <testcase name="testDivEvaltoSingleCoeff" classname="poly.RatPolyTest" time="0.004"/>
  <testcase name="testDivByZero" classname="poly.RatPolyTest" time="0.003"/>
  <testcase name="testMultiplicationZeroToZero" classname="poly.RatPolyTest" time="0.004"/>
  <testcase name="testValueOfMultTerms" classname="poly.RatPolyTest" time="0.07"/>
  <testcase name="testIntegrateNaN" classname="poly.RatPolyTest" time="0.002"/>
  <testcase name="testIntegrateOne" classname="poly.RatPolyTest" time="0.001"/>
  <testcase name="testEvalOne" classname="poly.RatPolyTest" time="0.0"/>
  <testcase name="testEvalXsq" classname="poly.RatPolyTest" time="0.001"/>
  <testcase name="testDivExampleFromPset" classname="poly.RatPolyTest" time="0.001"/>
  <testcase name="testDifferentiateNaN" classname="poly.RatPolyTest" time="0.001"/>
  <testcase name="testDifferentiatePowerRule" classname="poly.RatPolyTest" time="0.001"/>
  <testcase name="testTwoArgCtorWithLargeExp" classname="poly.RatPolyTest" time="0.001"/>
  <testcase name="testAntiDifferentiateSumRule" classname="poly.RatPolyTest" time="0.001"/>
  <testcase name="testDivisionNaNtoNonNaN" classname="poly.RatPolyTest" time="0.002"/>
  <testcase name="testMulMultiplElem" classname="poly.RatPolyTest" time="0.001"/>
  <testcase name="testToStringNaN" classname="poly.RatPolyTest" time="0.002"/>
  <testcase name="testSubtractZeroFromZero" classname="poly.RatPolyTest" time="0.001"/>
  <testcase name="testAddSingleTerm" classname="poly.RatPolyTest" time="0.002"/>
  <testcase name="testDivExamplesFromSpec" classname="poly.RatPolyTest" time="0.001"/>
  <testcase name="testDegreeNonZero" classname="poly.RatPolyTest" time="0.001"/>
  <testcase name="testDegreeNonZeroMultiTerm" classname="poly.RatPolyTest" time="0.012"/>
  <testcase name="testEvalX" classname="poly.RatPolyTest" time="0.001"/>
  <testcase name="testIsNaN" classname="poly.RatPolyTest" time="0.002"/>
  <testcase name="testAddInverse" classname="poly.RatPolyTest" time="0.002"/>
  <testcase name="testNegatePosToNeg" classname="poly.RatPolyTest" time="0.001"/>
  <testcase name="testMultiplicationIdentity" classname="poly.RatPolyTest" time="0.001"/>
  <testcase name="testMultiplicationAssociativity" classname="poly.RatPolyTest" time="0.002"/>
  <testcase name="testSubtractZeroAndNonZero" classname="poly.RatPolyTest" time="0.001"/>
  <testcase name="testDifferentiateSumRule" classname="poly.RatPolyTest" time="0.0"/>
  <testcase name="testMultiplicationNaNtoNonNaN" classname="poly.RatPolyTest" time="0.001"/>
  <testcase name="testDegreeZero" classname="poly.RatPolyTest" time="0.001"/>
  <testcase name="testNegateNaN" classname="poly.RatPolyTest" time="0.002"/>
  <testcase name="testValueOfLeadingNeg" classname="poly.RatPolyTest" time="0.002"/>
  <testcase name="testEvalXSq_minus_2X" classname="poly.RatPolyTest" time="0.001"/>
  <testcase name="testDifferentiatetoMultipleTerms" classname="poly.RatPolyTest" time="0.001"/>
  <testcase name="testNegatNegToPos" classname="poly.RatPolyTest" time="0.002"/>
  <testcase name="testAntiDifferentiateDifferenceRule" classname="poly.RatPolyTest" time="0.001"/>
  <testcase name="testAddNaNtoNaN" classname="poly.RatPolyTest" time="0.001"/>
  <testcase name="testMultiplicationZeroToNonZero" classname="poly.RatPolyTest" time="0.001"/>
  <testcase name="testAntiDifferentiate" classname="poly.RatPolyTest" time="0.001"/>
  <testcase name="testSubtractDiffDegree" classname="poly.RatPolyTest" time="0.001"/>
  <testcase name="testToStringLeadingNeg" classname="poly.RatPolyTest" time="0.005"/>
  <testcase name="testAddWithItSelf" classname="poly.RatPolyTest" time="0.001"/>
  <testcase name="testGetTerm" classname="poly.RatPolyTest" time="0.001"/>
  <testcase name="testSubtractNaNtoNonNaN" classname="poly.RatPolyTest" time="0.001"/>
  <testcase name="testAntiDifferentiateFromZero" classname="poly.RatPolyTest" time="0.003"/>
  <testcase name="testNegateZero" classname="poly.RatPolyTest" time="0.001"/>
  <testcase name="testAddSameDegree" classname="poly.RatPolyTest" time="0.002"/>
  <testcase name="testIntegrateLowBoundGreaterThanHigh" classname="poly.RatPolyTest" time="0.001"/>
  <testcase name="testValueOfSimple" classname="poly.RatPolyTest" time="0.002"/>
  <testcase name="testMultiplicationCommutativity" classname="poly.RatPolyTest" time="0.004"/>
  <testcase name="testDifferentiatetoOne" classname="poly.RatPolyTest" time="0.003"/>
  <testcase name="testToStringLeadingConstants" classname="poly.RatPolyTest" time="0.001"/>
  <testcase name="testDivisionZeroFromZero" classname="poly.RatPolyTest" time="0.012"/>
  <testcase name="testValueOfRationalsMultipleTerms" classname="poly.RatPolyTest" time="0.002"/>
  <testcase name="testMultiplicationNaNtoNaN" classname="poly.RatPolyTest" time="0.001"/>
  <testcase name="testMultiplicationDiffDegree" classname="poly.RatPolyTest" time="0.002"/>
  <testcase name="testIsNaNEmptyPolynomial" classname="poly.RatPolyTest" time="0.002"/>
  <testcase name="testDifferentiateSubtractionRule" classname="poly.RatPolyTest" time="0.001"/>
  <testcase name="testDivComplexII" classname="poly.RatPolyTest" time="0.004"/>
  <testcase name="testDivisionNaNtoNaN" classname="poly.RatPolyTest" time="0.001"/>
  <testcase name="testIsNotNaN" classname="poly.RatPolyTest" time="0.002"/>
  <testcase name="testAntiDifferentiateConstantRule" classname="poly.RatPolyTest" time="0.001"/>
  <testcase name="testDifferentiateMultiplicationRule" classname="poly.RatPolyTest" time="0.001"/>
  <testcase name="testSmallCoeff" classname="poly.RatPolyTest" time="0.001"/>
  <testcase name="testAddNaNtoNonNaN" classname="poly.RatPolyTest" time="0.001"/>
  <testcase name="testNoArgCtor" classname="poly.RatPolyTest" time="0.001"/>
  <testcase name="testToStringMultTerms" classname="poly.RatPolyTest" time="0.002"/>
  <testcase name="testDivtoMultipleTerms" classname="poly.RatPolyTest" time="0.003"/>
  <testcase name="testAddZeroToZero" classname="poly.RatPolyTest" time="0.001"/>
  <testcase name="testDifferentiateZero" classname="poly.RatPolyTest" time="0.002"/>
  <testcase name="testToStringRationalsMultiplElems" classname="poly.RatPolyTest" time="0.002"/>
  <testcase name="testAddAssociativity" classname="poly.RatPolyTest" time="0.001"/>
  <testcase name="testIntegrateZero" classname="poly.RatPolyTest" time="0.001"/>
  <testcase name="testIntegrateLargeBoundDiff" classname="poly.RatPolyTest" time="0.001"/>
  <testcase name="testSubtractSameDegree" classname="poly.RatPolyTest" time="0.003"/>
  <testcase name="testIntegrateBoundsDiffBy1" classname="poly.RatPolyTest" time="0.001"/>
  <testcase name="testEvalZero" classname="poly.RatPolyTest" time="0.002"/>
  <testcase name="testToStringRationalsSingleElems" classname="poly.RatPolyTest" time="0.001"/>
  <testcase name="testAntiDifferentiateConstantMultipleRule" classname="poly.RatPolyTest" time="0.001"/>
  <testcase name="testDifferentiateConstantNonZero" classname="poly.RatPolyTest" time="0.011"/>
  <testcase name="testAddZeroToNonZero" classname="poly.RatPolyTest" time="0.001"/>
  <testcase name="testValueOfLeadingConstants" classname="poly.RatPolyTest" time="0.003"/>
  <testcase name="testIntegrateEqualBounds" classname="poly.RatPolyTest" time="0.002"/>
  <testcase name="testBigDiv" classname="poly.RatPolyTest" time="0.007"/>
  <testcase name="testTwoArgCtorWithOneExp" classname="poly.RatPolyTest" time="0.002"/>
  <testcase name="testValueOfNaN" classname="poly.RatPolyTest" time="0.001"/>
  <testcase name="testEval2X" classname="poly.RatPolyTest" time="0.001"/>
  <testcase name="testZeroElim" classname="poly.RatPolyTest" time="0.001"/>
  <testcase name="testDivisionZeroAndNonZero" classname="poly.RatPolyTest" time="0.002"/>
  <testcase name="testMultiplicationSameDegree" classname="poly.RatPolyTest" time="0.002"/>
  <testcase name="testTwoArgCtorWithZeroExp" classname="poly.RatPolyTest" time="0.002"/>
  <testcase name="testDivtoSingleTerm" classname="poly.RatPolyTest" time="0.001"/>
  <testcase name="testAntiDifferentiateWithNaN" classname="poly.RatPolyTest" time="0.002"/>
  <testcase name="testAntiDifferentiateWithQuadPoly" classname="poly.RatPolyTest" time="0.002"/>
  <testcase name="testAddCommutativity" classname="poly.RatPolyTest" time="0.001"/>
  <testcase name="testAddDifferentDegree" classname="poly.RatPolyTest" time="0.001"/>
  <testcase name="testDivComplexI" classname="poly.RatPolyTest" time="0.002"/>
  <testcase name="testImmutabilityOfOperations" classname="poly.RatPolyTest" time="0.001"/>
  <testcase name="testSubtractNaNtoNaN" classname="poly.RatPolyTest" time="0.001"/>
  <testcase name="testDifferentiateProductRule" classname="poly.RatPolyTest" time="0.001"/>
  <testcase name="testAntiDifferentiatePowerRule" classname="poly.RatPolyTest" time="0.001"/>
  <testcase name="testValueOfRationalsSingleTerms" classname="poly.RatPolyTest" time="0.002"/>
  <testcase name="testDivisionByOne" classname="poly.RatPolyTest" time="0.001"/>
  <system-out><![CDATA[]]></system-out>
  <system-err><![CDATA[]]></system-err>
</testsuite>
