<?xml version="1.0" encoding="UTF-8"?>
<testsuite name="poly.RatTermTest" tests="88" skipped="0" failures="0" errors="0" timestamp="2021-04-23T05:46:54" hostname="Nancys-MacBook-Air.local" time="0.154">
  <properties/>
  <testcase name="testDivisionFractionalNumCoeff" classname="poly.RatTermTest" time="0.001"/>
  <testcase name="testToStringSimple" classname="poly.RatTermTest" time="0.001"/>
  <testcase name="testMultiplicationZeroToZero" classname="poly.RatTermTest" time="0.001"/>
  <testcase name="testEvalNaN" classname="poly.RatTermTest" time="0.001"/>
  <testcase name="testDifferentiateNaN" classname="poly.RatTermTest" time="0.009"/>
  <testcase name="testDifferentiatePowerRule" classname="poly.RatTermTest" time="0.002"/>
  <testcase name="testAntiDifferentiateSumRule" classname="poly.RatTermTest" time="0.001"/>
  <testcase name="testDivisionNaNtoNonNaN" classname="poly.RatTermTest" time="0.001"/>
  <testcase name="testEvalSmallFrac" classname="poly.RatTermTest" time="0.001"/>
  <testcase name="testToStringNaN" classname="poly.RatTermTest" time="0.001"/>
  <testcase name="testToStringPow" classname="poly.RatTermTest" time="0.002"/>
  <testcase name="testSubtractZeroFromZero" classname="poly.RatTermTest" time="0.001"/>
  <testcase name="testHashCodeEqualSameObjects" classname="poly.RatTermTest" time="0.001"/>
  <testcase name="testSubtractWholeNumCoeff" classname="poly.RatTermTest" time="0.001"/>
  <testcase name="testCtor" classname="poly.RatTermTest" time="0.001"/>
  <testcase name="testValueOfLeadingCoeff" classname="poly.RatTermTest" time="0.002"/>
  <testcase name="testMultiplicationIdentity" classname="poly.RatTermTest" time="0.002"/>
  <testcase name="testMultiplicationAssociativity" classname="poly.RatTermTest" time="0.001"/>
  <testcase name="testSubtractZeroAndNonZero" classname="poly.RatTermTest" time="0.001"/>
  <testcase name="testDifferentiateSumRule" classname="poly.RatTermTest" time="0.001"/>
  <testcase name="testIsNaNZeroDenomRegNumer" classname="poly.RatTermTest" time="0.002"/>
  <testcase name="testMultiplicationNaNtoNonNaN" classname="poly.RatTermTest" time="0.001"/>
  <testcase name="testAntiDifferentiateDifferenceRule" classname="poly.RatTermTest" time="0.001"/>
  <testcase name="testAddNaNtoNaN" classname="poly.RatTermTest" time="0.001"/>
  <testcase name="testMultiplicationZeroToNonZero" classname="poly.RatTermTest" time="0.001"/>
  <testcase name="testIsNaNFalse" classname="poly.RatTermTest" time="0.0"/>
  <testcase name="testIsNaNZeroDenomZeroNumer" classname="poly.RatTermTest" time="0.001"/>
  <testcase name="testGetExptZero" classname="poly.RatTermTest" time="0.001"/>
  <testcase name="testToStringConst" classname="poly.RatTermTest" time="0.001"/>
  <testcase name="testSubtractNaNtoNonNaN" classname="poly.RatTermTest" time="0.002"/>
  <testcase name="testEqualsNaNCoeff" classname="poly.RatTermTest" time="0.011"/>
  <testcase name="testToStringLeadingCoeff" classname="poly.RatTermTest" time="0.001"/>
  <testcase name="testIsZeroNum" classname="poly.RatTermTest" time="0.001"/>
  <testcase name="testCtorZeroCoeff" classname="poly.RatTermTest" time="0.001"/>
  <testcase name="testValueOfSimple" classname="poly.RatTermTest" time="0.001"/>
  <testcase name="testMultiplicationDifferentExpVal" classname="poly.RatTermTest" time="0.001"/>
  <testcase name="testEqualsZeroCoeff" classname="poly.RatTermTest" time="0.002"/>
  <testcase name="testMultiplicationCommutativity" classname="poly.RatTermTest" time="0.001"/>
  <testcase name="testDivisionWholeNumCoeff" classname="poly.RatTermTest" time="0.004"/>
  <testcase name="testIsZeroNumAndDen" classname="poly.RatTermTest" time="0.0"/>
  <testcase name="testDivisionZeroFromZero" classname="poly.RatTermTest" time="0.002"/>
  <testcase name="testMultiplicationNaNtoNaN" classname="poly.RatTermTest" time="0.001"/>
  <testcase name="testValueOfConst" classname="poly.RatTermTest" time="0.001"/>
  <testcase name="testMultiplicationWholeNumCoeff" classname="poly.RatTermTest" time="0.001"/>
  <testcase name="testDifferentiateSubtractionRule" classname="poly.RatTermTest" time="0.001"/>
  <testcase name="testDivisionNaNtoNaN" classname="poly.RatTermTest" time="0.002"/>
  <testcase name="testAntiDifferentiateConstantRule" classname="poly.RatTermTest" time="0.002"/>
  <testcase name="testDifferentiateMultiplicationRule" classname="poly.RatTermTest" time="0.001"/>
  <testcase name="testAddNaNtoNonNaN" classname="poly.RatTermTest" time="0.001"/>
  <testcase name="testGetCoeffNaN" classname="poly.RatTermTest" time="0.003"/>
  <testcase name="testAddZeroToZero" classname="poly.RatTermTest" time="0.002"/>
  <testcase name="testDifferentiateZero" classname="poly.RatTermTest" time="0.0"/>
  <testcase name="testCtorNaN" classname="poly.RatTermTest" time="0.002"/>
  <testcase name="testAddAssociativity" classname="poly.RatTermTest" time="0.001"/>
  <testcase name="testHashCodeSameObject" classname="poly.RatTermTest" time="0.001"/>
  <testcase name="testGetCoeffZero" classname="poly.RatTermTest" time="0.001"/>
  <testcase name="testEvalZero" classname="poly.RatTermTest" time="0.001"/>
  <testcase name="testIsZeroFalsoPos" classname="poly.RatTermTest" time="0.001"/>
  <testcase name="testAntiDifferentiateConstantMultipleRule" classname="poly.RatTermTest" time="0.001"/>
  <testcase name="testDifferentiateConstantNonZero" classname="poly.RatTermTest" time="0.001"/>
  <testcase name="testEvalSmallWhole" classname="poly.RatTermTest" time="0.001"/>
  <testcase name="testAddZeroToNonZero" classname="poly.RatTermTest" time="0.001"/>
  <testcase name="testEvalNegative" classname="poly.RatTermTest" time="0.0"/>
  <testcase name="testAddFracNumCoeff" classname="poly.RatTermTest" time="0.001"/>
  <testcase name="testEqualsNotNaNCoeff" classname="poly.RatTermTest" time="0.011"/>
  <testcase name="testValueOfNaN" classname="poly.RatTermTest" time="0.001"/>
  <testcase name="testValueOfPow" classname="poly.RatTermTest" time="0.001"/>
  <testcase name="testEquals" classname="poly.RatTermTest" time="0.001"/>
  <testcase name="testEvalLarge" classname="poly.RatTermTest" time="0.001"/>
  <testcase name="testDivisionZeroAndNonZero" classname="poly.RatTermTest" time="0.001"/>
  <testcase name="testEqualsNotZeroCoeff" classname="poly.RatTermTest" time="0.0"/>
  <testcase name="testGetCoeffRegular" classname="poly.RatTermTest" time="0.0"/>
  <testcase name="testSubtractFractionalNumCoeff" classname="poly.RatTermTest" time="0.001"/>
  <testcase name="testMultiplicationFracNumCoeff" classname="poly.RatTermTest" time="0.002"/>
  <testcase name="testToStringFull" classname="poly.RatTermTest" time="0.0"/>
  <testcase name="testToStringZero" classname="poly.RatTermTest" time="0.0"/>
  <testcase name="testGetExptRegular" classname="poly.RatTermTest" time="0.001"/>
  <testcase name="testAddCommutativity" classname="poly.RatTermTest" time="0.001"/>
  <testcase name="testAddWholeNumCoeff" classname="poly.RatTermTest" time="0.001"/>
  <testcase name="testIsNaNNotTerm" classname="poly.RatTermTest" time="0.001"/>
  <testcase name="testSubtractNaNtoNaN" classname="poly.RatTermTest" time="0.002"/>
  <testcase name="testDifferentiateProductRule" classname="poly.RatTermTest" time="0.002"/>
  <testcase name="testGetCoeffNegative" classname="poly.RatTermTest" time="0.001"/>
  <testcase name="testAntiDifferentiatePowerRule" classname="poly.RatTermTest" time="0.001"/>
  <testcase name="testNotEqualsReg" classname="poly.RatTermTest" time="0.001"/>
  <testcase name="testValueOfFull" classname="poly.RatTermTest" time="0.003"/>
  <testcase name="testValueOfZero" classname="poly.RatTermTest" time="0.001"/>
  <testcase name="testDivisionByOne" classname="poly.RatTermTest" time="0.002"/>
  <system-out><![CDATA[]]></system-out>
  <system-err><![CDATA[]]></system-err>
</testsuite>
